*** Using Compiler 'V6.22', folder: 'D:\develop\keil5mdk\ARM\ARMCLANG\Bin'
Build target 'Target 1'
compiling key.c...
compiling empty.c...
oled_show.c(138): warning: 18 enumeration values not handled in switch: 'DL_TIMER_IIDX_LOAD', 'DL_TIMER_IIDX_CC0_DN', 'DL_TIMER_IIDX_CC1_DN'... [-Wswitch]
  138 |     switch (DL_TimerG_getPendingInterrupt(TIMER_1_INST))
      |             ^~~~~~~~~~~~~~~~~~~~~~~~~~~~~~~~~~~~~~~~~~~
../source\ti/driverlib/dl_timerg.h(926): note: expanded from macro 'DL_TimerG_getPendingInterrupt'
  926 | #define DL_TimerG_getPendingInterrupt               DL_Timer_getPendingInterrupt
      |                                                     ^
1 warning generated.
compiling oled_show.c...
compiling bsp_sg90.c...
compiling buzzer.c...
compiling uart.c...
compiling ti_msp_dl_config.c...
compiling board.c...
compiling oled.c...
linking...
Program Size: Code=14208 RO-data=7216 RW-data=0 ZI-data=2504  
".\Objects\project.axf" - 0 Error(s), 1 Warning(s).
Build Time Elapsed:  00:00:02
